<?xml version="1.0" encoding="UTF-8"?>
<!-- Generated by org.testng.reporters.JUnitReportReporter -->
<testsuite skipped="0" hostname="sumaiya" name="interfacePack.TC001_DeleteLead" tests="1" failures="0" timestamp="2020-08-25T22:12:43 EDT" time="29.458" errors="0">
  <testcase name="tcdelete" time="29.458" classname="interfacePack.TC001_DeleteLead"/>
</testsuite> <!-- interfacePack.TC001_DeleteLead -->
