<?xml version="1.0" encoding="UTF-8"?>
<!-- Generated by org.testng.reporters.JUnitReportReporter -->
<testsuite skipped="0" hostname="sumaiya" name="inheritance.DuplicateLead" tests="1" failures="0" timestamp="2020-08-15T15:58:44 EDT" time="37.293" errors="0">
  <testcase name="dublicateLead" time="37.293" classname="inheritance.DuplicateLead"/>
</testsuite> <!-- inheritance.DuplicateLead -->
