<?xml version="1.0" encoding="UTF-8"?>
<!-- Generated by org.testng.reporters.JUnitReportReporter -->
<testsuite skipped="0" hostname="sumaiya" name="integate_DataProvider_With_Excel.DataProvider_1_CreateLead" tests="3" failures="0" timestamp="2020-08-17T15:29:24 EDT" time="73.583" errors="0">
  <testcase name="dataprovider" time="26.240" classname="integate_DataProvider_With_Excel.DataProvider_1_CreateLead"/>
  <testcase name="dataprovider" time="25.139" classname="integate_DataProvider_With_Excel.DataProvider_1_CreateLead"/>
  <testcase name="dataprovider" time="22.204" classname="integate_DataProvider_With_Excel.DataProvider_1_CreateLead"/>
</testsuite> <!-- integate_DataProvider_With_Excel.DataProvider_1_CreateLead -->
