<?xml version="1.0" encoding="UTF-8"?>
<!-- Generated by org.testng.reporters.JUnitReportReporter -->
<testsuite skipped="0" hostname="sumaiya" name="parameterization.IntegateDataProv_with_Excel_1_Sub" tests="1" failures="0" timestamp="2020-08-17T16:46:39 EDT" time="2.555" errors="0">
  <testcase name="IntegrateExcel" time="2.555" classname="parameterization.IntegateDataProv_with_Excel_1_Sub"/>
</testsuite> <!-- parameterization.IntegateDataProv_with_Excel_1_Sub -->
