<?xml version="1.0" encoding="UTF-8"?>
<!-- Generated by org.testng.reporters.JUnitReportReporter -->
<testsuite skipped="0" hostname="sumaiya" name="inheritance.Demo2_SubClass_LeafLogin" tests="1" failures="0" timestamp="2020-08-07T11:35:35 EDT" time="28.987" errors="0">
  <testcase name="demo2_subClass" time="28.987" classname="inheritance.Demo2_SubClass_LeafLogin"/>
</testsuite> <!-- inheritance.Demo2_SubClass_LeafLogin -->
