<?xml version="1.0" encoding="UTF-8"?>
<!-- Generated by org.testng.reporters.JUnitReportReporter -->
<testsuite skipped="0" hostname="sumaiya" name="parameterization.IntegateDataProv_with_Excel_1_TestC" tests="4" failures="0" timestamp="2020-08-18T15:25:43 EDT" time="113.750" errors="0">
  <testcase name="dataprovider" time="30.145" classname="parameterization.IntegateDataProv_with_Excel_1_TestC"/>
  <testcase name="dataprovider" time="26.686" classname="parameterization.IntegateDataProv_with_Excel_1_TestC"/>
  <testcase name="dataprovider" time="31.738" classname="parameterization.IntegateDataProv_with_Excel_1_TestC"/>
  <testcase name="dataprovider" time="25.181" classname="parameterization.IntegateDataProv_with_Excel_1_TestC"/>
</testsuite> <!-- parameterization.IntegateDataProv_with_Excel_1_TestC -->
