<?xml version="1.0" encoding="UTF-8"?>
<!-- Generated by org.testng.reporters.JUnitReportReporter -->
<testsuite skipped="0" hostname="sumaiya" name="interfacePack.TC001_login" tests="1" failures="0" timestamp="2020-08-22T19:35:21 EDT" time="27.304" errors="0">
  <testcase name="loginTC001" time="27.304" classname="interfacePack.TC001_login"/>
</testsuite> <!-- interfacePack.TC001_login -->
