<?xml version="1.0" encoding="UTF-8"?>
<!-- Generated by org.testng.reporters.JUnitReportReporter -->
<testsuite skipped="0" hostname="sumaiya" name="inheritance.MergeLead" tests="1" failures="0" timestamp="2020-08-04T18:11:03 EDT" time="32.053" errors="0">
  <testcase name="margeLead" time="32.053" classname="inheritance.MergeLead"/>
</testsuite> <!-- inheritance.MergeLead -->
