<?xml version="1.0" encoding="UTF-8"?>
<!-- Generated by org.testng.reporters.JUnitReportReporter -->
<testsuite skipped="0" hostname="sumaiya" name="mavenProject.Amazon2" tests="1" failures="0" timestamp="2020-07-27T22:51:13 EDT" time="37.605" errors="0">
  <testcase name="amazon2" time="37.605" classname="mavenProject.Amazon2"/>
</testsuite> <!-- mavenProject.Amazon2 -->
