<?xml version="1.0" encoding="UTF-8"?>
<!-- Generated by org.testng.reporters.JUnitReportReporter -->
<testsuite skipped="0" hostname="sumaiya" name="parameter.Paramiter_1_Sub" tests="1" failures="0" timestamp="2020-08-17T12:24:10 EDT" time="20.721" errors="0">
  <testcase name="dataprovider" time="20.721" classname="parameter.Paramiter_1_Sub"/>
</testsuite> <!-- parameter.Paramiter_1_Sub -->
