<?xml version="1.0" encoding="UTF-8"?>
<!-- Generated by org.testng.reporters.JUnitReportReporter -->
<testsuite skipped="0" hostname="sumaiya" name="integate_DataProvider_With_Excel.Paramiter_1_Sub" tests="1" failures="0" timestamp="2020-08-17T12:21:44 EDT" time="25.056" errors="0">
  <testcase name="dataprovider" time="25.056" classname="integate_DataProvider_With_Excel.Paramiter_1_Sub"/>
</testsuite> <!-- integate_DataProvider_With_Excel.Paramiter_1_Sub -->
