<?xml version="1.0" encoding="UTF-8"?>
<!-- Generated by org.testng.reporters.JUnitReportReporter -->
<testsuite skipped="0" hostname="sumaiya" name="mavenProject.leaftLogin2" tests="1" failures="0" timestamp="2020-07-23T10:14:44 EDT" time="42.372" errors="0">
  <testcase name="leaftLogin" time="42.372" classname="mavenProject.leaftLogin2"/>
</testsuite> <!-- mavenProject.leaftLogin2 -->
