<?xml version="1.0" encoding="UTF-8"?>
<!-- Generated by org.testng.reporters.JUnitReportReporter -->
<testsuite skipped="0" hostname="sumaiya" name="learnSelenium.BrowserTest" tests="1" failures="0" timestamp="2020-07-17T17:46:09 EDT" time="21.528" errors="0">
  <testcase name="browserTest" time="21.528" classname="learnSelenium.BrowserTest"/>
</testsuite> <!-- learnSelenium.BrowserTest -->
