<?xml version="1.0" encoding="UTF-8"?>
<!-- Generated by org.testng.reporters.JUnitReportReporter -->
<testsuite skipped="0" hostname="sumaiya" name="inheritance.Demo1_Leaftaps" tests="1" failures="0" timestamp="2020-08-06T16:41:58 EDT" time="21.406" errors="0">
  <testcase name="leafDemo" time="21.406" classname="inheritance.Demo1_Leaftaps"/>
</testsuite> <!-- inheritance.Demo1_Leaftaps -->
