<?xml version="1.0" encoding="UTF-8"?>
<!-- Generated by org.testng.reporters.JUnitReportReporter -->
<testsuite skipped="0" hostname="sumaiya" name="mavenProject.Demo1_Leaftaps" tests="1" failures="0" timestamp="2020-08-07T11:42:06 EDT" time="27.291" errors="0">
  <testcase name="demo1_Leaftaps" time="27.291" classname="mavenProject.Demo1_Leaftaps"/>
</testsuite> <!-- mavenProject.Demo1_Leaftaps -->
