<?xml version="1.0" encoding="UTF-8"?>
<!-- Generated by org.testng.reporters.JUnitReportReporter -->
<testsuite skipped="0" hostname="sumaiya" name="inheritance.Demo2" tests="1" failures="0" timestamp="2020-08-06T16:59:59 EDT" time="7.460" errors="0">
  <testcase name="demo2_subClass" time="7.460" classname="inheritance.Demo2"/>
</testsuite> <!-- inheritance.Demo2 -->
