<?xml version="1.0" encoding="UTF-8"?>
<!-- Generated by org.testng.reporters.JUnitReportReporter -->
<testsuite skipped="0" hostname="sumaiya" name="inheritance.Create_Leaftaps" tests="1" failures="0" timestamp="2020-08-07T11:49:45 EDT" time="26.224" errors="0">
  <testcase name="demo1_Leaftaps" time="26.224" classname="inheritance.Create_Leaftaps"/>
</testsuite> <!-- inheritance.Create_Leaftaps -->
