<?xml version="1.0" encoding="UTF-8"?>
<!-- Generated by org.testng.reporters.JUnitReportReporter -->
<testsuite skipped="0" hostname="sumaiya" name="mavenProject.TestNgAnnotation" tests="3" failures="0" timestamp="2020-07-22T00:03:42 EDT" time="0.059" errors="0">
  <testcase name="Test3" time="0.015" classname="mavenProject.TestNgAnnotation"/>
  <testcase name="Test2" time="0.008" classname="mavenProject.TestNgAnnotation"/>
  <testcase name="Test1" time="0.036" classname="mavenProject.TestNgAnnotation"/>
</testsuite> <!-- mavenProject.TestNgAnnotation -->
