<?xml version="1.0" encoding="UTF-8"?>
<!-- Generated by org.testng.reporters.JUnitReportReporter -->
<testsuite skipped="0" hostname="sumaiya" name="parameterizationPractice.PR1TestCase" tests="4" failures="0" timestamp="2020-08-19T17:27:44 EDT" time="112.756" errors="0">
  <testcase name="tastcase" time="25.760" classname="parameterizationPractice.PR1TestCase"/>
  <testcase name="tastcase" time="29.443" classname="parameterizationPractice.PR1TestCase"/>
  <testcase name="tastcase" time="31.464" classname="parameterizationPractice.PR1TestCase"/>
  <testcase name="tastcase" time="26.089" classname="parameterizationPractice.PR1TestCase"/>
</testsuite> <!-- parameterizationPractice.PR1TestCase -->
