<?xml version="1.0" encoding="UTF-8"?>
<!-- Generated by org.testng.reporters.JUnitReportReporter -->
<testsuite skipped="0" hostname="sumaiya" name="inheritance.Demo2_SubClass_LeafCreateLead" tests="3" failures="0" timestamp="2020-08-12T16:55:42 EDT" time="111.742" errors="0">
  <testcase name="demo2_subClass" time="49.518" classname="inheritance.Demo2_SubClass_LeafCreateLead"/>
  <testcase name="demo2_subClass" time="30.987" classname="inheritance.Demo2_SubClass_LeafCreateLead"/>
  <testcase name="demo2_subClass" time="31.237" classname="inheritance.Demo2_SubClass_LeafCreateLead"/>
</testsuite> <!-- inheritance.Demo2_SubClass_LeafCreateLead -->
