<?xml version="1.0" encoding="UTF-8"?>
<!-- Generated by org.testng.reporters.JUnitReportReporter -->
<testsuite skipped="0" hostname="sumaiya" name="inheritance.leaftEditLead" tests="1" failures="0" timestamp="2020-07-27T22:49:18 EDT" time="102.380" errors="0">
  <testcase name="leaftLogin" time="102.380" classname="inheritance.leaftEditLead"/>
</testsuite> <!-- inheritance.leaftEditLead -->
