<?xml version="1.0" encoding="UTF-8"?>
<!-- Generated by org.testng.reporters.JUnitReportReporter -->
<testsuite skipped="0" hostname="sumaiya" name="inheritance.Demo2_SubClass" tests="1" failures="0" timestamp="2020-08-06T19:52:46 EDT" time="22.267" errors="0">
  <testcase name="demo2_subClass" time="22.267" classname="inheritance.Demo2_SubClass"/>
</testsuite> <!-- inheritance.Demo2_SubClass -->
