<?xml version="1.0" encoding="UTF-8"?>
<!-- Generated by org.testng.reporters.JUnitReportReporter -->
<testsuite skipped="1" hostname="sumaiya" name="integate_DataProvider_WithExcel.Read_Excel2_SubClass" tests="2" failures="0" timestamp="2020-08-12T17:17:10 EDT" time="0.016" errors="1">
  <testcase name="excelBMethod" time="0.016" classname="integate_DataProvider_WithExcel.Read_Excel2_SubClass">
    <error type="java.lang.Error" message="Unresolved compilation problem: 
	uname cannot be resolved to a variable
">
      <![CDATA[java.lang.Error: Unresolved compilation problem: 
uname cannot be resolved to a variable

at integate_DataProvider_WithExcel.Read_Excel2_SuperClass.excelBMethod(Read_Excel2_SuperClass.java:24)
at sun.reflect.NativeMethodAccessorImpl.invoke0(Native Method)
at sun.reflect.NativeMethodAccessorImpl.invoke(Unknown Source)
at sun.reflect.DelegatingMethodAccessorImpl.invoke(Unknown Source)
at java.lang.reflect.Method.invoke(Unknown Source)
at org.testng.internal.MethodInvocationHelper.invokeMethod(MethodInvocationHelper.java:133)
at org.testng.internal.MethodInvocationHelper.invokeMethodConsideringTimeout(MethodInvocationHelper.java:62)
at org.testng.internal.ConfigInvoker.invokeConfigurationMethod(ConfigInvoker.java:340)
at org.testng.internal.ConfigInvoker.invokeConfigurations(ConfigInvoker.java:294)
at org.testng.internal.TestInvoker.runConfigMethods(TestInvoker.java:683)
at org.testng.internal.TestInvoker.invokeMethod(TestInvoker.java:510)
at org.testng.internal.TestInvoker.invokeTestMethod(TestInvoker.java:172)
at org.testng.internal.MethodRunner.runInSequence(MethodRunner.java:46)
at org.testng.internal.TestInvoker$MethodInvocationAgent.invoke(TestInvoker.java:804)
at org.testng.internal.TestInvoker.invokeTestMethods(TestInvoker.java:145)
at org.testng.internal.TestMethodWorker.invokeTestMethods(TestMethodWorker.java:146)
at org.testng.internal.TestMethodWorker.run(TestMethodWorker.java:128)
at java.util.concurrent.ThreadPoolExecutor.runWorker(Unknown Source)
at java.util.concurrent.ThreadPoolExecutor$Worker.run(Unknown Source)
at java.lang.Thread.run(Unknown Source)
]]>
    </error>
  </testcase> <!-- excelBMethod -->
  <testcase name="excelSub" time="0.000" classname="integate_DataProvider_WithExcel.Read_Excel2_SubClass">
    <skipped/>
  </testcase> <!-- excelSub -->
</testsuite> <!-- integate_DataProvider_WithExcel.Read_Excel2_SubClass -->
